
> rest-express@1.0.0 dev
> NODE_ENV=development tsx server/index.ts

✅ Environment variables validated
[ADMIN EMAILS] Loaded 1 admin email(s): schools.medley@gmail.com
5:03:13 PM [info] Port 5000 is in use, trying port 5001...
5:03:13 PM [express] Server started successfully
5:03:13 PM [express] Listening on http://0.0.0.0:5001
5:03:13 PM [express] Accessible locally at http://localhost:5001
5:03:13 PM [express] Accessible externally at http://<your-ip>:5001
✅ Database connection verified
Error generating exam: error: column "description" of relation "exams" does not exist
    at /Users/frankitchy/Documents/SCRUBA SERVICES/CODING/CBT-BIG MACHINE/PrepMaster-by-BIG-MACHINE-ENT/node_modules/pg-pool/index.js:45:11
    at process.processTicksAndRejections (node:internal/process/task_queues:105:5)
    at async <anonymous> (/Users/frankitchy/Documents/SCRUBA SERVICES/CODING/CBT-BIG MACHINE/PrepMaster-by-BIG-MACHINE-ENT/node_modules/src/node-postgres/session.ts:104:19)
    at async <anonymous> (/Users/frankitchy/Documents/SCRUBA SERVICES/CODING/CBT-BIG MACHINE/PrepMaster-by-BIG-MACHINE-ENT/server/routes/exams.ts:338:20) {
  length: 129,
  severity: 'ERROR',
  code: '42703',
  detail: undefined,
  hint: undefined,
  position: '37',
  internalPosition: undefined,
  internalQuery: undefined,
  where: undefined,
  schema: undefined,
  table: undefined,
  column: undefined,
  dataType: undefined,
  constraint: undefined,
  file: 'parse_target.c',
  line: '1065',
  routine: 'checkInsertTargets'
}
5:03:40 PM [express] POST /api/exams/generate 500 in 6651ms :: {"message":"Failed to generate exam","error":"column \"description\" of relation \"exams\" does not exist"}
5:04:18 PM [express] GET /api/auth/subscription 200 in 2254ms :: {"status":"basic","plan":"basic","isActive":true,"canAccessExams":true,"canDownloadOffline":false,"canAccessTutorMode":false,"expiresAt":null}
5:04:26 PM [express] GET /api/auth/usage 200 in 1150ms :: {"daily":{"count":0,"limit":1,"remaining":1},"monthly":{"count":0,"limit":30,"remaining":30},"plan":"basic"}
5:04:32 PM [express] POST /api/exams/generate 403 in 808ms :: {"message":"Basic plan allows maximum 50 questions per exam. Upgrade to Standard or Premium for more questions.","requiresUpgrade":true,"maxQuestions":50}
Error generating exam: error: column "description" of relation "exams" does not exist
    at /Users/frankitchy/Documents/SCRUBA SERVICES/CODING/CBT-BIG MACHINE/PrepMaster-by-BIG-MACHINE-ENT/node_modules/pg-pool/index.js:45:11
    at process.processTicksAndRejections (node:internal/process/task_queues:105:5)
    at async <anonymous> (/Users/frankitchy/Documents/SCRUBA SERVICES/CODING/CBT-BIG MACHINE/PrepMaster-by-BIG-MACHINE-ENT/node_modules/src/node-postgres/session.ts:104:19)
    at async <anonymous> (/Users/frankitchy/Documents/SCRUBA SERVICES/CODING/CBT-BIG MACHINE/PrepMaster-by-BIG-MACHINE-ENT/server/routes/exams.ts:338:20) {
  length: 129,
  severity: 'ERROR',
  code: '42703',
  detail: undefined,
  hint: undefined,
  position: '37',
  internalPosition: undefined,
  internalQuery: undefined,
  where: undefined,
  schema: undefined,
  table: undefined,
  column: undefined,
  dataType: undefined,
  constraint: undefined,
  file: 'parse_target.c',
  line: '1065',
  routine: 'checkInsertTargets'
}
5:04:42 PM [express] POST /api/exams/generate 500 in 5192ms :: {"message":"Failed to generate exam","error":"column \"description\" of relation \"exams\" does not exist"}
5:04:56 PM [express] POST /api/practice-test/generate 200 in 1773ms :: {"questions":[{"id":"4974b593-4eeb-4925-b8ae-a69bfea95e45","text":"Evaluate: 2³ + 3² - 4.","options":[{"id":"A","text":"13"},{"id":"B","text":"9"},{"id":"C","text":"17"},{"id":"D","text":"21"}],"correctAnswer":"A","explanation":null,"briefExplanation":null,"detailedExplanation":null,"subject":"Mathematics","topic":"General","year":null,"difficulty":"medium"},{"id":"3d8b3377-1f17-4a52-b101-d4974d4e2451","text":"The indicator used in strong acid-strong base titration is:","options":[{"id":"A","text":"Methyl orange"},{"id":"B","text":"Phenolphthalein"},{"id":"C","text":"Either A or B"},{"id":"D","text":"Litmus"}],"correctAnswer":"C","explanation":null,"briefExplanation":null,"detailedExplanation":null,"subject":"Chemistry","topic":"General","year":null,"difficulty":"medium"},{"id":"c87a0eed-ba72-4aa8-94c1-2188411be9f2","text":"What is the mode of the data: 3, 5, 5, 7, 8?","options":[{"id":"A","text":"5"},{"id":"B","text":"3"},{"id":"C","text":"7"},{"id":"D","text":"8"}],"correctAnswer":"A","explanation":null,"briefExplanation":null,"detailedExplanation":null,"subject":"Mathematics","topic":"General","year":null,"difficulty":"medium"},{"id":"3ab64dbc-0416-4cdf-8391-b4e7926bc7ba","text":"Solve the inequality: 3x - 7 > 8.","options":[{"id":"A","text":"x > 5"},{"id":"B","text":"x > 15/3"},{"id":"C","text":"x < 5"},{"id":"D","text":"x > 3"}],"correctAnswer":"A","explanation":null,"briefExplanation":null,"detailedExplanation":null,"subject":"Mathematics","topic":"General","year":null,"difficulty":"medium"},{"id":"bc5521a3-ebf2-4d69-afd3-4fe94df734d8","text":"She _____ her homework yet.","options":[{"id":"A","text":"hasn't finished"},{"id":"B","text":"haven't finished"},{"id":"C","text":"didn't finish"},{"id":"D","text":"doesn't finish"}],"correctAnswer":"A","explanation":null,"briefExplanation":null,"detailedExplanation":null,"subject":"English","topic":"General","year":null,"difficulty":"medium"}],"metadata":{"totalAvailable":50,"selectedCount":5}}
[ADMIN EMAILS] Checking premium@test.com: NOT ADMIN
5:05:10 PM [express] POST /api/auth/sync-user 200 in 1037ms :: {"id":"d1e43a31-c5a2-434c-a377-c2266e17cc0d","username":"premium","password":"","email":"premium@test.com","phone":null,"supabaseId":"premium-user-123","emailConfirmed":false,"role":"student","subscriptionStatus":"basic","subscriptionExpiresAt":null,"preferredExamBody":null,"createdAt":"2026-01-01T16:05:10.110Z","updatedAt":"2026-01-01T16:05:10.110Z"}
5:05:20 PM [express] GET /api/auth/subscription 200 in 234ms :: {"status":"basic","plan":"basic","isActive":false,"canAccessExams":true,"canDownloadOffline":false,"canAccessTutorMode":false}
[ADMIN EMAILS] Checking bigmachineent@gmail.com: NOT ADMIN
5:05:30 PM [express] GET /api/auth/me 200 in 627ms :: {"id":"ed559dbe-e95b-4077-abe2-68149d3ff40c","username":"bigmachineent","email":"bigmachineent@gmail.com","phone":null,"role":"student","emailConfirmed":true,"subscriptionStatus":"premium","subscriptionPlan":"premium","subscriptionExpiresAt":null,"preferredExamBody":"WAEC","canAccessExams":true,"canDownloadOffline":true,"canAccessTutorMode":false,"createdAt":"2025-12-19T13:05:57.410Z"}
5:05:44 PM [express] GET /api/auth/usage 200 in 924ms :: {"daily":{"count":0,"limit":null,"remaining":null},"monthly":{"count":0,"limit":null,"remaining":null},"plan":"premium"}
5:05:59 PM [express] POST /api/practice-test/generate 200 in 5042ms :: {"questions":[{"id":"22b81573-4707-4958-a2f7-5e9bc7815f40","text":"The team played _____ well.","options":[{"id":"A","text":"very"},{"id":"B","text":"much"},{"id":"C","text":"quite"},{"id":"D","text":"so"}],"correctAnswer":"A","explanation":null,"briefExplanation":null,"detailedExplanation":null,"subject":"English","topic":"General","year":null,"difficulty":"medium"},{"id":"c40fc5ec-f6ab-4ee5-9473-54f31cd4fe90","text":"Identify the odd word in stress pattern: A. record (noun) B. conduct (noun) C. object (noun) D. subject (noun)","options":[{"id":"A","text":"A"},{"id":"B","text":"B"},{"id":"C","text":"C"},{"id":"D","text":"D"}],"correctAnswer":"D","explanation":null,"briefExplanation":null,"detailedExplanation":null,"subject":"English","topic":"General","year":null,"difficulty":"medium"},{"id":"1e493e53-e79a-465c-ba21-679658b384c0","text":"Choose the word opposite in meaning to the underlined: The man is known for his parsimonious nature.","options":[{"id":"A","text":"generous"},{"id":"B","text":"stingy"},{"id":"C","text":"frugal"},{"id":"D","text":"thrifty"}],"correctAnswer":"A","explanation":null,"briefExplanation":null,"detailedExplanation":null,"subject":"English","topic":"General","year":null,"difficulty":"medium"},{"id":"7eab7582-4267-48ee-96b4-913b30a1bee4","text":"The sum of the first five terms of an arithmetic progression is 40, and the common difference is 3. Find the first term.","options":[{"id":"A","text":"4"},{"id":"B","text":"5"},{"id":"C","text":"7"},{"id":"D","text":"10"}],"correctAnswer":"A","explanation":null,"briefExplanation":null,"detailedExplanation":null,"subject":"Mathematics","topic":"General","year":null,"difficulty":"medium"},{"id":"aaaa200e-db16-4602-86d4-3048e452000e","text":"After the sentence, a list of possible interpretations is given. Choose the interpretation that is most appropriate: He has just been appointed to the board, and he is already throwing his weight around.","options":[{"id":"A","text":"He is behaving arrogantly"},{"id":"B","text":"He is physically strong"},{"id":"C","text":"He is distributing tasks"},{"id":"D","text":"He is helping others"}],"correctAnswer":"A","explanation":null,"briefExplanation":null,"detailedExplanation":null,"subject":"English","topic":"General","year":null,"difficulty":"medium"}],"metadata":{"totalAvailable":50,"selectedCount":5}}
[ADMIN EMAILS] Checking basic@test.com: NOT ADMIN
5:06:08 PM [express] GET /api/auth/me 200 in 634ms :: {"id":"5e447d6f-07b9-45c5-b6fe-538e3c6332db","username":"basic","email":"basic@test.com","phone":null,"role":"student","emailConfirmed":false,"subscriptionStatus":"basic","subscriptionPlan":"basic","subscriptionExpiresAt":null,"preferredExamBody":null,"canAccessExams":true,"canDownloadOffline":false,"canAccessTutorMode":false,"createdAt":"2026-01-01T15:58:52.832Z"}
[ADMIN EMAILS] Checking bigmachineent@gmail.com: NOT ADMIN
5:06:15 PM [express] GET /api/auth/me 200 in 531ms :: {"id":"ed559dbe-e95b-4077-abe2-68149d3ff40c","username":"bigmachineent","email":"bigmachineent@gmail.com","phone":null,"role":"student","emailConfirmed":true,"subscriptionStatus":"premium","subscriptionPlan":"premium","subscriptionExpiresAt":null,"preferredExamBody":"WAEC","canAccessExams":true,"canDownloadOffline":true,"canAccessTutorMode":false,"createdAt":"2025-12-19T13:05:57.410Z"}
Error generating exam: error: column "description" of relation "exams" does not exist
    at /Users/frankitchy/Documents/SCRUBA SERVICES/CODING/CBT-BIG MACHINE/PrepMaster-by-BIG-MACHINE-ENT/node_modules/pg-pool/index.js:45:11
    at process.processTicksAndRejections (node:internal/process/task_queues:105:5)
    at async <anonymous> (/Users/frankitchy/Documents/SCRUBA SERVICES/CODING/CBT-BIG MACHINE/PrepMaster-by-BIG-MACHINE-ENT/node_modules/src/node-postgres/session.ts:104:19)
    at async <anonymous> (/Users/frankitchy/Documents/SCRUBA SERVICES/CODING/CBT-BIG MACHINE/PrepMaster-by-BIG-MACHINE-ENT/server/routes/exams.ts:338:20) {
  length: 129,
  severity: 'ERROR',
  code: '42703',
  detail: undefined,
  hint: undefined,
  position: '37',
  internalPosition: undefined,
  internalQuery: undefined,
  where: undefined,
  schema: undefined,
  table: undefined,
  column: undefined,
  dataType: undefined,
  constraint: undefined,
  file: 'parse_target.c',
  line: '1065',
  routine: 'checkInsertTargets'
}
8:02:44 PM [express] POST /api/exams/generate 500 in 6383ms :: {"message":"Failed to generate exam","error":"column \"description\" of relation \"exams\" does not exist"}
Error generating exam: error: column "description" of relation "exams" does not exist
    at /Users/frankitchy/Documents/SCRUBA SERVICES/CODING/CBT-BIG MACHINE/PrepMaster-by-BIG-MACHINE-ENT/node_modules/pg-pool/index.js:45:11
    at process.processTicksAndRejections (node:internal/process/task_queues:105:5)
    at async <anonymous> (/Users/frankitchy/Documents/SCRUBA SERVICES/CODING/CBT-BIG MACHINE/PrepMaster-by-BIG-MACHINE-ENT/node_modules/src/node-postgres/session.ts:104:19)
    at async <anonymous> (/Users/frankitchy/Documents/SCRUBA SERVICES/CODING/CBT-BIG MACHINE/PrepMaster-by-BIG-MACHINE-ENT/server/routes/exams.ts:338:20) {
  length: 129,
  severity: 'ERROR',
  code: '42703',
  detail: undefined,
  hint: undefined,
  position: '37',
  internalPosition: undefined,
  internalQuery: undefined,
  where: undefined,
  schema: undefined,
  table: undefined,
  column: undefined,
  dataType: undefined,
  constraint: undefined,
  file: 'parse_target.c',
  line: '1065',
  routine: 'checkInsertTargets'
}
8:02:55 PM [express] POST /api/exams/generate 500 in 5445ms :: {"message":"Failed to generate exam","error":"column \"description\" of relation \"exams\" does not exist"}
Error generating exam: error: column "description" of relation "exams" does not exist
    at /Users/frankitchy/Documents/SCRUBA SERVICES/CODING/CBT-BIG MACHINE/PrepMaster-by-BIG-MACHINE-ENT/node_modules/pg-pool/index.js:45:11
    at process.processTicksAndRejections (node:internal/process/task_queues:105:5)
    at async <anonymous> (/Users/frankitchy/Documents/SCRUBA SERVICES/CODING/CBT-BIG MACHINE/PrepMaster-by-BIG-MACHINE-ENT/node_modules/src/node-postgres/session.ts:104:19)
    at async <anonymous> (/Users/frankitchy/Documents/SCRUBA SERVICES/CODING/CBT-BIG MACHINE/PrepMaster-by-BIG-MACHINE-ENT/server/routes/exams.ts:338:20) {
  length: 129,
  severity: 'ERROR',
  code: '42703',
  detail: undefined,
  hint: undefined,
  position: '37',
  internalPosition: undefined,
  internalQuery: undefined,
  where: undefined,
  schema: undefined,
  table: undefined,
  column: undefined,
  dataType: undefined,
  constraint: undefined,
  file: 'parse_target.c',
  line: '1065',
  routine: 'checkInsertTargets'
}
8:03:28 PM [express] POST /api/exams/generate 500 in 5192ms :: {"message":"Failed to generate exam","error":"column \"description\" of relation \"exams\" does not exist"}
8:03:35 PM [express] POST /api/practice-test/generate 200 in 1630ms :: {"questions":[{"id":"e0850512-776d-476d-98a3-1ad3be7eed06","text":"In a right-angled triangle, the side opposite 30° is 5 cm. Find the hypotenuse.","options":[{"id":"A","text":"10 cm"},{"id":"B","text":"5√3 cm"},{"id":"C","text":"5/√3 cm"},{"id":"D","text":"5 cm"}],"correctAnswer":"A","explanation":null,"briefExplanation":null,"detailedExplanation":null,"subject":"Mathematics","topic":"General","year":null,"difficulty":"medium"},{"id":"c9bfc743-f8c8-438c-917e-e9f36f54788e","text":"Which of the following is a method of conserving soil?","options":[{"id":"A","text":"Bush burning"},{"id":"B","text":"Overgrazing"},{"id":"C","text":"Contour ploughing"},{"id":"D","text":"Deforestation"}],"correctAnswer":"C","explanation":null,"briefExplanation":null,"detailedExplanation":null,"subject":"Biology","topic":"General","year":null,"difficulty":"medium"},{"id":"fb9a3438-54d6-446d-9d51-c179bf8f3e23","text":"What is the value of x if 2x + 5 = 17?","options":[{"id":"A","text":"6"},{"id":"B","text":"11"},{"id":"C","text":"12"},{"id":"D","text":"22"}],"correctAnswer":"A","explanation":null,"briefExplanation":null,"detailedExplanation":null,"subject":"Mathematics","topic":"General","year":null,"difficulty":"medium"},{"id":"5c3df5f6-bde5-4252-9ebf-3daa678c6973","text":"The rate of a chemical reaction increases with:","options":[{"id":"A","text":"Increase in temperature"},{"id":"B","text":"Decrease in concentration"},{"id":"C","text":"Use of negative catalyst"},{"id":"D","text":"Decrease in surface area"}],"correctAnswer":"A","explanation":null,"briefExplanation":null,"detailedExplanation":null,"subject":"Chemistry","topic":"General","year":null,"difficulty":"medium"},{"id":"daccd42f-702e-4849-978e-0cf465958883","text":"Which organelle is responsible for energy production in the cell?","options":[{"id":"A","text":"Nucleus"},{"id":"B","text":"Mitochondrion"},{"id":"C","text":"Ribosome"},{"id":"D","text":"Chloroplast"}],"correctAnswer":"B","explanation":null,"briefExplanation":null,"detailedExplanation":null,"subject":"Biology","topic":"General","year":null,"difficulty":"medium"}],"metadata":{"totalAvailable":50,"selectedCount":5}}
[ADMIN EMAILS] Checking standard456@test.com: NOT ADMIN
8:03:48 PM [express] POST /api/auth/sync-user 200 in 1105ms :: {"id":"bb8b0eda-ae9d-498d-a666-c8e0ca2066de","username":"standard456","password":"","email":"standard456@test.com","phone":null,"supabaseId":"standard-user-456","emailConfirmed":false,"role":"student","subscriptionStatus":"basic","subscriptionExpiresAt":null,"preferredExamBody":null,"createdAt":"2026-01-01T19:03:48.918Z","updatedAt":"2026-01-01T19:03:48.918Z"}
[ADMIN EMAILS] Checking standard456@test.com: NOT ADMIN
8:04:12 PM [express] GET /api/auth/me 200 in 541ms :: {"id":"bb8b0eda-ae9d-498d-a666-c8e0ca2066de","username":"standard456","email":"standard456@test.com","phone":null,"role":"student","emailConfirmed":false,"subscriptionStatus":"basic","subscriptionPlan":"basic","subscriptionExpiresAt":null,"preferredExamBody":null,"canAccessExams":true,"canDownloadOffline":false,"canAccessTutorMode":false,"createdAt":"2026-01-01T19:03:48.918Z"}
[ADMIN EMAILS] Checking schools.medley@gmail.com: ADMIN
[ADMIN MIDDLEWARE] ✅ Admin access granted: schools.medley@gmail.com (07d5e2d7...)
8:04:19 PM [express] POST /api/admin/subscriptions 404 in 229ms
[ADMIN MIDDLEWARE] User not found, retrying with force refresh...
[ADMIN EMAILS] Checking schools.medley@gmail.com: ADMIN
[ADMIN MIDDLEWARE] ✅ Admin access granted after retry: schools.medley@gmail.com
8:04:26 PM [express] POST /api/admin/subscriptions 404 in 219ms
8:05:21 PM [express] POST /api/admin/subscriptions 401 in 0ms :: {"message":"Authentication required. Please provide supabaseId or valid Bearer token.","code":"AUTH_REQUIRED"}
8:05:27 PM [express] POST /api/admin/subscriptions 401 in 0ms :: {"message":"Authentication required. Please provide supabaseId or valid Bearer token.","code":"AUTH_REQUIRED"}
[ADMIN MIDDLEWARE] ❌ Access denied for: schools.medley@gmail.com (07d5e2d7...)
[ADMIN MIDDLEWARE]   User not found in database
8:05:33 PM [express] POST /api/admin/subscriptions 403 in 1ms :: {"message":"Access denied. Admin privileges required.","code":"ADMIN_REQUIRED","debug":{"supabaseId":"07d5e2d7...","userEmail":"schools.medley@gmail.com","userRole":"no user","userExists":false,"adminEmailsEnv":"schools.medley@gmail.com","parsedAdminEmails":["schools.medley@gmail.com"]},"help":"User not found in database. Try calling /api/auth/sync-user to sync your account."}
[ADMIN MIDDLEWARE] ❌ Access denied for: schools.medley@gmail.com (07d5e2d7...)
[ADMIN MIDDLEWARE]   User not found in database
8:05:39 PM [express] POST /api/admin/subscriptions 403 in 0ms :: {"message":"Access denied. Admin privileges required.","code":"ADMIN_REQUIRED","debug":{"supabaseId":"07d5e2d7...","userEmail":"schools.medley@gmail.com","userRole":"no user","userExists":false,"adminEmailsEnv":"schools.medley@gmail.com","parsedAdminEmails":["schools.medley@gmail.com"]},"help":"User not found in database. Try calling /api/auth/sync-user to sync your account."}
[SYNC-ADMIN] Endpoint reached, path: /sync-admin
[SYNC-ADMIN] Admin user already exists: {
  id: '5d550f6b-281b-416c-b605-3a4d801153fe',
  username: 'schools.medley',
  password: '',
  email: 'schools.medley@gmail.com',
  phone: null,
  supabaseId: '07d5e2d7-4f33-4057-b0ca-5f5485e2a970',
  emailConfirmed: true,
  role: 'admin',
  subscriptionStatus: 'basic',
  subscriptionExpiresAt: null,
  preferredExamBody: 'WAEC',
  createdAt: 2025-12-16T05:22:40.895Z,
  updatedAt: 2026-01-01T15:39:02.048Z
}
8:05:47 PM [express] POST /api/admin/sync-admin 200 in 1883ms :: {"message":"Admin user already exists","user":{"id":"5d550f6b-281b-416c-b605-3a4d801153fe","username":"schools.medley","password":"","email":"schools.medley@gmail.com","phone":null,"supabaseId":"07d5e2d7-4f33-4057-b0ca-5f5485e2a970","emailConfirmed":true,"role":"admin","subscriptionStatus":"basic","subscriptionExpiresAt":null,"preferredExamBody":"WAEC","createdAt":"2025-12-16T05:22:40.895Z","updatedAt":"2026-01-01T15:39:02.048Z"}}
[ADMIN MIDDLEWARE] User not found, retrying with force refresh...
[ADMIN EMAILS] Checking schools.medley@gmail.com: ADMIN
[ADMIN MIDDLEWARE] ✅ Admin access granted after retry: schools.medley@gmail.com
8:05:53 PM [express] POST /api/admin/subscriptions 404 in 344ms
[ADMIN MIDDLEWARE] User not found, retrying with force refresh...
[ADMIN EMAILS] Checking schools.medley@gmail.com: ADMIN
[ADMIN MIDDLEWARE] ✅ Admin access granted after retry: schools.medley@gmail.com
8:05:59 PM [express] POST /api/admin/subscriptions 404 in 340ms
8:06:25 PM [express] POST /api/admin/subscriptions 401 in 1ms :: {"message":"Authentication required. Please provide supabaseId or valid Bearer token.","code":"AUTH_REQUIRED"}
8:06:32 PM [express] POST /api/admin/subscriptions 401 in 1ms :: {"message":"Authentication required. Please provide supabaseId or valid Bearer token.","code":"AUTH_REQUIRED"}
8:06:48 PM [express] POST /api/admin/subscriptions 401 in 0ms :: {"message":"Authentication required. Please provide supabaseId or valid Bearer token.","code":"AUTH_REQUIRED"}
8:08:34 PM [express] POST /api/admin/subscriptions 401 in 1ms :: {"message":"Authentication required. Please provide supabaseId or valid Bearer token.","code":"AUTH_REQUIRED"}
