
> rest-express@1.0.0 dev
> NODE_ENV=development tsx server/index.ts

✅ Environment variables validated
[ADMIN EMAILS] Loaded 1 admin email(s): schools.medley@gmail.com
4:51:15 PM [info] Port 5000 is in use, trying port 5001...
4:51:15 PM [info] Port 5001 is in use, trying port 5002...
4:51:15 PM [info] Port 5002 is in use, trying port 5003...
4:51:15 PM [express] Server started successfully
4:51:15 PM [express] Listening on http://0.0.0.0:5003
4:51:15 PM [express] Accessible locally at http://localhost:5003
4:51:15 PM [express] Accessible externally at http://<your-ip>:5003
✅ Database connection verified
⚠️  CORS: Origin http://localhost:5003 not in whitelist, allowing in development
⚠️  CORS: Origin http://localhost:5003 not in whitelist, allowing in development
⚠️  CORS: Origin http://localhost:5003 not in whitelist, allowing in development
[baseline-browser-mapping] The data in this module is over two months old.  To ensure accurate Baseline data, please update: `npm i baseline-browser-mapping@latest -D`
⚠️  CORS: Origin http://localhost:5003 not in whitelist, allowing in development
⚠️  CORS: Origin http://localhost:5003 not in whitelist, allowing in development
⚠️  CORS: Origin http://localhost:5003 not in whitelist, allowing in development
⚠️  CORS: Origin http://localhost:5003 not in whitelist, allowing in development
⚠️  CORS: Origin http://localhost:5003 not in whitelist, allowing in development
⚠️  CORS: Origin http://localhost:5003 not in whitelist, allowing in development
⚠️  CORS: Origin http://localhost:5003 not in whitelist, allowing in development
⚠️  CORS: Origin http://localhost:5003 not in whitelist, allowing in development
⚠️  CORS: Origin http://localhost:5003 not in whitelist, allowing in development
⚠️  CORS: Origin http://localhost:5003 not in whitelist, allowing in development
⚠️  CORS: Origin http://localhost:5003 not in whitelist, allowing in development
⚠️  CORS: Origin http://localhost:5003 not in whitelist, allowing in development
⚠️  CORS: Origin http://localhost:5003 not in whitelist, allowing in development
⚠️  CORS: Origin http://localhost:5003 not in whitelist, allowing in development
⚠️  CORS: Origin http://localhost:5003 not in whitelist, allowing in development
⚠️  CORS: Origin http://localhost:5003 not in whitelist, allowing in development
⚠️  CORS: Origin http://localhost:5003 not in whitelist, allowing in development
⚠️  CORS: Origin http://localhost:5003 not in whitelist, allowing in development
⚠️  CORS: Origin http://localhost:5003 not in whitelist, allowing in development
⚠️  CORS: Origin http://localhost:5003 not in whitelist, allowing in development
⚠️  CORS: Origin http://localhost:5003 not in whitelist, allowing in development
⚠️  CORS: Origin http://localhost:5003 not in whitelist, allowing in development
⚠️  CORS: Origin http://localhost:5003 not in whitelist, allowing in development
⚠️  CORS: Origin http://localhost:5003 not in whitelist, allowing in development
⚠️  CORS: Origin http://localhost:5003 not in whitelist, allowing in development
⚠️  CORS: Origin http://localhost:5003 not in whitelist, allowing in development
Advertisements table does not exist yet. Returning empty ads list.
⚠️  CORS: Origin http://localhost:5003 not in whitelist, allowing in development
⚠️  CORS: Origin http://localhost:5003 not in whitelist, allowing in development
⚠️  CORS: Origin http://localhost:5003 not in whitelist, allowing in development
⚠️  CORS: Origin http://localhost:5003 not in whitelist, allowing in development
⚠️  CORS: Origin http://localhost:5003 not in whitelist, allowing in development
⚠️  CORS: Origin http://localhost:5003 not in whitelist, allowing in development
⚠️  CORS: Origin http://localhost:5003 not in whitelist, allowing in development
⚠️  CORS: Origin http://localhost:5003 not in whitelist, allowing in development
⚠️  CORS: Origin http://localhost:5003 not in whitelist, allowing in development
⚠️  CORS: Origin http://localhost:5003 not in whitelist, allowing in development
⚠️  CORS: Origin http://localhost:5003 not in whitelist, allowing in development
⚠️  CORS: Origin http://localhost:5003 not in whitelist, allowing in development
⚠️  CORS: Origin http://localhost:5003 not in whitelist, allowing in development
⚠️  CORS: Origin http://localhost:5003 not in whitelist, allowing in development
⚠️  CORS: Origin http://localhost:5003 not in whitelist, allowing in development
⚠️  CORS: Origin http://localhost:5003 not in whitelist, allowing in development
⚠️  CORS: Origin http://localhost:5003 not in whitelist, allowing in development
⚠️  CORS: Origin http://localhost:5003 not in whitelist, allowing in development
⚠️  CORS: Origin http://localhost:5003 not in whitelist, allowing in development
⚠️  CORS: Origin http://localhost:5003 not in whitelist, allowing in development
⚠️  CORS: Origin http://localhost:5003 not in whitelist, allowing in development
⚠️  CORS: Origin http://localhost:5003 not in whitelist, allowing in development
⚠️  CORS: Origin http://localhost:5003 not in whitelist, allowing in development
⚠️  CORS: Origin http://localhost:5003 not in whitelist, allowing in development
⚠️  CORS: Origin http://localhost:5003 not in whitelist, allowing in development
⚠️  CORS: Origin http://localhost:5003 not in whitelist, allowing in development
⚠️  CORS: Origin http://localhost:5003 not in whitelist, allowing in development
⚠️  CORS: Origin http://localhost:5003 not in whitelist, allowing in development
⚠️  CORS: Origin http://localhost:5003 not in whitelist, allowing in development
⚠️  CORS: Origin http://localhost:5003 not in whitelist, allowing in development
⚠️  CORS: Origin http://localhost:5003 not in whitelist, allowing in development
⚠️  CORS: Origin http://localhost:5003 not in whitelist, allowing in development
⚠️  CORS: Origin http://localhost:5003 not in whitelist, allowing in development
⚠️  CORS: Origin http://localhost:5003 not in whitelist, allowing in development
⚠️  CORS: Origin http://localhost:5003 not in whitelist, allowing in development
⚠️  CORS: Origin http://localhost:5003 not in whitelist, allowing in development
⚠️  CORS: Origin http://localhost:5003 not in whitelist, allowing in development
⚠️  CORS: Origin http://localhost:5003 not in whitelist, allowing in development
⚠️  CORS: Origin http://localhost:5003 not in whitelist, allowing in development
⚠️  CORS: Origin http://localhost:5003 not in whitelist, allowing in development
⚠️  CORS: Origin http://localhost:5003 not in whitelist, allowing in development
⚠️  CORS: Origin http://localhost:5003 not in whitelist, allowing in development
⚠️  CORS: Origin http://localhost:5003 not in whitelist, allowing in development
⚠️  CORS: Origin http://localhost:5003 not in whitelist, allowing in development
⚠️  CORS: Origin http://localhost:5003 not in whitelist, allowing in development
⚠️  CORS: Origin http://localhost:5003 not in whitelist, allowing in development
⚠️  CORS: Origin http://localhost:5003 not in whitelist, allowing in development
⚠️  CORS: Origin http://localhost:5003 not in whitelist, allowing in development
⚠️  CORS: Origin http://localhost:5003 not in whitelist, allowing in development
⚠️  CORS: Origin http://localhost:5003 not in whitelist, allowing in development
⚠️  CORS: Origin http://localhost:5003 not in whitelist, allowing in development
⚠️  CORS: Origin http://localhost:5003 not in whitelist, allowing in development
⚠️  CORS: Origin http://localhost:5003 not in whitelist, allowing in development
⚠️  CORS: Origin http://localhost:5003 not in whitelist, allowing in development
⚠️  CORS: Origin http://localhost:5003 not in whitelist, allowing in development
⚠️  CORS: Origin http://localhost:5003 not in whitelist, allowing in development
⚠️  CORS: Origin http://localhost:5003 not in whitelist, allowing in development
⚠️  CORS: Origin http://localhost:5003 not in whitelist, allowing in development
⚠️  CORS: Origin http://localhost:5003 not in whitelist, allowing in development
⚠️  CORS: Origin http://localhost:5003 not in whitelist, allowing in development
⚠️  CORS: Origin http://localhost:5003 not in whitelist, allowing in development
⚠️  CORS: Origin http://localhost:5003 not in whitelist, allowing in development
⚠️  CORS: Origin http://localhost:5003 not in whitelist, allowing in development
⚠️  CORS: Origin http://localhost:5003 not in whitelist, allowing in development
⚠️  CORS: Origin http://localhost:5003 not in whitelist, allowing in development
⚠️  CORS: Origin http://localhost:5003 not in whitelist, allowing in development
⚠️  CORS: Origin http://localhost:5003 not in whitelist, allowing in development
⚠️  CORS: Origin http://localhost:5003 not in whitelist, allowing in development
⚠️  CORS: Origin http://localhost:5003 not in whitelist, allowing in development
⚠️  CORS: Origin http://localhost:5003 not in whitelist, allowing in development
⚠️  CORS: Origin http://localhost:5003 not in whitelist, allowing in development
⚠️  CORS: Origin http://localhost:5003 not in whitelist, allowing in development
⚠️  CORS: Origin http://localhost:5003 not in whitelist, allowing in development
⚠️  CORS: Origin http://localhost:5003 not in whitelist, allowing in development
⚠️  CORS: Origin http://localhost:5003 not in whitelist, allowing in development
⚠️  CORS: Origin http://localhost:5003 not in whitelist, allowing in development
⚠️  CORS: Origin http://localhost:5003 not in whitelist, allowing in development
⚠️  CORS: Origin http://localhost:5003 not in whitelist, allowing in development
⚠️  CORS: Origin http://localhost:5003 not in whitelist, allowing in development
⚠️  CORS: Origin http://localhost:5003 not in whitelist, allowing in development
⚠️  CORS: Origin http://localhost:5003 not in whitelist, allowing in development
⚠️  CORS: Origin http://localhost:5003 not in whitelist, allowing in development
⚠️  CORS: Origin http://localhost:5003 not in whitelist, allowing in development
⚠️  CORS: Origin http://localhost:5003 not in whitelist, allowing in development
⚠️  CORS: Origin http://localhost:5003 not in whitelist, allowing in development
⚠️  CORS: Origin http://localhost:5003 not in whitelist, allowing in development
⚠️  CORS: Origin http://localhost:5003 not in whitelist, allowing in development
⚠️  CORS: Origin http://localhost:5003 not in whitelist, allowing in development
[ADMIN EMAILS] Checking bigmachineent@gmail.com: NOT ADMIN
4:51:23 PM [express] POST /api/auth/sync-user 200 in 567ms :: {"id":"ed559dbe-e95b-4077-abe2-68149d3ff40c","username":"bigmachineent","password":"","email":"bigmachineent@gmail.com","phone":null,"supabaseId":"2f0e339f-3b74-4719-a65b-a5b43ca088cf","emailConfirmed":true,"role":"student","subscriptionStatus":"premium","subscriptionExpiresAt":null,"preferredExamBody":"WAEC","createdAt":"2025-12-19T13:05:57.410Z","updatedAt":"2026-01-01T15:51:23.115Z"}
[ADMIN EMAILS] Checking bigmachineent@gmail.com: NOT ADMIN
[ADMIN EMAILS] Checking bigmachineent@gmail.com: NOT ADMIN
[ADMIN EMAILS] Checking bigmachineent@gmail.com: NOT ADMIN
4:51:24 PM [express] GET /api/admin/check 304 in 1987ms :: {"isAdmin":false,"email":"bigmachineent@gmail.com","role":"student","debug":{"supabaseId":"2f0e339f...","email":"bigmachineent@gmail.com","role":"student","userExists":true,"isInWhitelist":false,"adminEmailsCount":1,"adminEmailsEnv":"SET"}}
4:51:25 PM [express] GET /api/auth/me 304 in 2254ms :: {"id":"ed559dbe-e95b-4077-abe2-68149d3ff40c","username":"bigmachineent","email":"bigmachineent@gmail.com","phone":null,"role":"student","emailConfirmed":true,"subscriptionStatus":"premium","subscriptionPlan":"premium","subscriptionExpiresAt":null,"preferredExamBody":"WAEC","canAccessExams":true,"canDownloadOffline":true,"canAccessTutorMode":false,"createdAt":"2025-12-19T13:05:57.410Z"}
4:51:25 PM [express] GET /api/auth/subscription 304 in 2254ms :: {"status":"premium","plan":"premium","isActive":true,"canAccessExams":true,"canDownloadOffline":true,"canAccessTutorMode":false,"expiresAt":null}
[ADMIN EMAILS] Checking bigmachineent@gmail.com: NOT ADMIN
4:51:25 PM [express] GET /api/auth/me 304 in 611ms :: {"id":"ed559dbe-e95b-4077-abe2-68149d3ff40c","username":"bigmachineent","email":"bigmachineent@gmail.com","phone":null,"role":"student","emailConfirmed":true,"subscriptionStatus":"premium","subscriptionPlan":"premium","subscriptionExpiresAt":null,"preferredExamBody":"WAEC","canAccessExams":true,"canDownloadOffline":true,"canAccessTutorMode":false,"createdAt":"2025-12-19T13:05:57.410Z"}
4:51:25 PM [express] GET /api/auth/subscription 304 in 607ms :: {"status":"premium","plan":"premium","isActive":true,"canAccessExams":true,"canDownloadOffline":true,"canAccessTutorMode":false,"expiresAt":null}
[ADMIN EMAILS] Checking bigmachineent@gmail.com: NOT ADMIN
4:51:26 PM [express] GET /api/auth/subscription 304 in 525ms :: {"status":"premium","plan":"premium","isActive":true,"canAccessExams":true,"canDownloadOffline":true,"canAccessTutorMode":false,"expiresAt":null}
4:51:26 PM [express] GET /api/auth/me 304 in 527ms :: {"id":"ed559dbe-e95b-4077-abe2-68149d3ff40c","username":"bigmachineent","email":"bigmachineent@gmail.com","phone":null,"role":"student","emailConfirmed":true,"subscriptionStatus":"premium","subscriptionPlan":"premium","subscriptionExpiresAt":null,"preferredExamBody":"WAEC","canAccessExams":true,"canDownloadOffline":true,"canAccessTutorMode":false,"createdAt":"2025-12-19T13:05:57.410Z"}
[ADMIN EMAILS] Checking bigmachineent@gmail.com: NOT ADMIN
4:51:26 PM [express] GET /api/auth/subscription 304 in 433ms :: {"status":"premium","plan":"premium","isActive":true,"canAccessExams":true,"canDownloadOffline":true,"canAccessTutorMode":false,"expiresAt":null}
4:51:26 PM [express] GET /api/auth/me 304 in 434ms :: {"id":"ed559dbe-e95b-4077-abe2-68149d3ff40c","username":"bigmachineent","email":"bigmachineent@gmail.com","phone":null,"role":"student","emailConfirmed":true,"subscriptionStatus":"premium","subscriptionPlan":"premium","subscriptionExpiresAt":null,"preferredExamBody":"WAEC","canAccessExams":true,"canDownloadOffline":true,"canAccessTutorMode":false,"createdAt":"2025-12-19T13:05:57.410Z"}
[ADMIN EMAILS] Checking bigmachineent@gmail.com: NOT ADMIN
4:51:27 PM [express] GET /api/auth/me 304 in 490ms :: {"id":"ed559dbe-e95b-4077-abe2-68149d3ff40c","username":"bigmachineent","email":"bigmachineent@gmail.com","phone":null,"role":"student","emailConfirmed":true,"subscriptionStatus":"premium","subscriptionPlan":"premium","subscriptionExpiresAt":null,"preferredExamBody":"WAEC","canAccessExams":true,"canDownloadOffline":true,"canAccessTutorMode":false,"createdAt":"2025-12-19T13:05:57.410Z"}
4:51:27 PM [express] GET /api/exams/stats 307 in 2ms
4:51:27 PM [express] GET /api/exams/performance 404 in 8ms
[ADMIN EMAILS] Checking bigmachineent@gmail.com: NOT ADMIN
Advertisements table does not exist yet. Returning empty ads list.
4:51:27 PM [express] GET /api/ads/active 200 in 258ms :: []
4:51:27 PM [express] GET /api/attempts 304 in 249ms :: [{"id":"cb94cff8-c902-4738-bf75-1b9df2b377b6-attempt-1765822647073","examId":"cb94cff8-c902-4738-bf75-1b9df2b377b6","userId":null,"tenantId":null,"answers":{},"startedAt":1765822647073,"completedAt":null,"durationSeconds":null,"totalQuestions":60,"status":"in_progress","createdAt":"2025-12-15T18:17:27.575Z"},{"id":"cb94cff8-c902-4738-bf75-1b9df2b377b6-attempt-1765823147187","examId":"cb94cff8-c902-4738-bf75-1b9df2b377b6","userId":null,"tenantId":null,"answers":{},"startedAt":1765823147187,"completedAt":null,"durationSeconds":null,"totalQuestions":60,"status":"in_progress","createdAt":"2025-12-15T18:25:47.696Z"},{"id":"cb94cff8-c902-4738-bf75-1b9df2b377b6-attempt-1765823561540","examId":"cb94cff8-c902-4738-bf75-1b9df2b377b6","userId":null,"tenantId":null,"answers":{},"startedAt":1765823561540,"completedAt":null,"durationSeconds":null,"totalQuestions":60,"status":"in_progress","createdAt":"2025-12-15T18:32:41.960Z"},{"id":"cb94cff8-c902-4738-bf75-1b9df2b377b6-attempt-1765824876759","examId":"cb94cff8-c902-4738-bf75-1b9df2b377b6","userId":null,"tenantId":null,"answers":{},"startedAt":1765824876759,"completedAt":null,"durationSeconds":null,"totalQuestions":60,"status":"in_progress","createdAt":"2025-12-15T18:54:37.224Z"},{"id":"cb94cff8-c902-4738-bf75-1b9df2b377b6-attempt-1765824948247","examId":"cb94cff8-c902-4738-bf75-1b9df2b377b6","userId":null,"tenantId":null,"answers":{},"startedAt":1765824948247,"completedAt":null,"durationSeconds":null,"totalQuestions":60,"status":"in_progress","createdAt":"2025-12-15T18:55:48.714Z"},{"id":"cb94cff8-c902-4738-bf75-1b9df2b377b6-attempt-1765828144737","examId":"cb94cff8-c902-4738-bf75-1b9df2b377b6","userId":null,"tenantId":null,"answers":{},"startedAt":1765828144737,"completedAt":null,"durationSeconds":null,"totalQuestions":60,"status":"in_progress","createdAt":"2025-12-15T19:49:05.138Z"},{"id":"cb94cff8-c902-4738-bf75-1b9df2b377b6-attempt","examId":"cb94cff8-c902-4738-bf75-1b9df2b377b6","userId":null,"tenantId":null,"answers":{},"startedAt":1765828695507,"completedAt":null,"durationSeconds":540,"totalQuestions":null,"status":"in_progress","createdAt":"2025-12-15T19:58:16.968Z"},{"id":"cb94cff8-c902-4738-bf75-1b9df2b377b6-attempt-1765861120795","examId":"cb94cff8-c902-4738-bf75-1b9df2b377b6","userId":null,"tenantId":null,"answers":{},"startedAt":1765861120795,"completedAt":null,"durationSeconds":null,"totalQuestions":60,"status":"in_progress","createdAt":"2025-12-16T04:58:48.670Z"},{"id":"d95cbad5-7ee6-4f86-82a7-cfb51ec4cea0-attempt-1766014010721","examId":"d95cbad5-7ee6-4f86-82a7-cfb51ec4cea0","userId":null,"tenantId":null,"answers":{},"startedAt":1766014010721,"completedAt":null,"durationSeconds":null,"totalQuestions":25,"status":"in_progress","createdAt":"2025-12-17T23:26:51.372Z"},{"id":"d95cbad5-7ee6-4f86-82a7-cfb51ec4cea0-attempt","examId":"d95cbad5-7ee6-4f86-82a7-cfb51ec4cea0","userId":null,"tenantId":null,"answers":{},"startedAt":1766014010784,"completedAt":null,"durationSeconds":0,"totalQuestions":null,"status":"in_progress","createdAt":"2025-12-17T23:26:52.268Z"},{"id":"d95cbad5-7ee6-4f86-82a7-cfb51ec4cea0-attempt-1766015828953","examId":"d95cbad5-7ee6-4f86-82a7-cfb51ec4cea0","userId":null,"tenantId":null,"answers":{},"startedAt":1766015828953,"completedAt":null,"durationSeconds":null,"totalQuestions":25,"status":"in_progress","createdAt":"2025-12-17T23:57:09.571Z"},{"id":"d95cbad5-7ee6-4f86-82a7-cfb51ec4cea0-attempt-1766150680645","examId":"d95cbad5-7ee6-4f86-82a7-cfb51ec4cea0","userId":null,"tenantId":null,"answers":{},"startedAt":1766150680645,"completedAt":null,"durationSeconds":null,"totalQuestions":25,"status":"in_progress","createdAt":"2025-12-19T13:24:42.721Z"},{"id":"d95cbad5-7ee6-4f86-82a7-cfb51ec4cea0-attempt-1766150682483","examId":"d95cbad5-7ee6-4f86-82a7-cfb51ec4cea0","userId":null,"tenantId":null,"answers":{},"startedAt":1766150682483,"completedAt":null,"durationSeconds":null,"totalQuestions":25,"status":"in_progress","createdAt":"2025-12-19T13:24:43.909Z"},{"id":"d95cbad5-7ee6-4f86-82a7-cfb51ec4cea0-attempt-1766150681969","examId":"d95cbad5-7ee6-4f86-82a7-cfb51ec4cea0","userId":null,"tenantId":null,"answers":{},"startedAt":1766150681969,"completedAt":null,"durationSeconds":null,"totalQuestions":25,"status":"in_progress","createdAt":"2025-12-19T13:24:44.161Z"},{"id":"d95cbad5-7ee6-4f86-82a7-cfb51ec4cea0-attempt-1766150681430","examId":"d95cbad5-7ee6-4f86-82a7-cfb51ec4cea0","userId":null,"tenantId":null,"answers":{},"startedAt":1766150681430,"completedAt":null,"durationSeconds":null,"totalQuestions":25,"status":"in_progress","createdAt":"2025-12-19T13:24:44.409Z"},{"id":"d95cbad5-7ee6-4f86-82a7-cfb51ec4cea0-attempt-1766150683323","examId":"d95cbad5-7ee6-4f86-82a7-cfb51ec4cea0","userId":null,"tenantId":null,"answers":{},"startedAt":1766150683323,"completedAt":null,"durationSeconds":null,"totalQuestions":25,"status":"in_progress","createdAt":"2025-12-19T13:24:45.493Z"},{"id":"d95cbad5-7ee6-4f86-82a7-cfb51ec4cea0-attempt-1766368591795","examId":"d95cbad5-7ee6-4f86-82a7-cfb51ec4cea0","userId":null,"tenantId":null,"answers":{},"startedAt":1766368591795,"completedAt":null,"durationSeconds":null,"totalQuestions":25,"status":"in_progress","createdAt":"2025-12-22T02:06:43.780Z"},{"id":"d95cbad5-7ee6-4f86-82a7-cfb51ec4cea0-attempt-1766369202741","examId":"d95cbad5-7ee6-4f86-82a7-cfb51ec4cea0","userId":null,"tenantId":null,"answers":{},"startedAt":1766369202741,"completedAt":null,"durationSeconds":null,"totalQuestions":25,"status":"in_progress","createdAt":"2025-12-22T02:06:44.000Z"},{"id":"d95cbad5-7ee6-4f86-82a7-cfb51ec4cea0-attempt-1766369204307","examId":"d95cbad5-7ee6-4f86-82a7-cfb51ec4cea0","userId":null,"tenantId":null,"answers":{},"startedAt":1766369204307,"completedAt":null,"durationSeconds":null,"totalQuestions":25,"status":"in_progress","createdAt":"2025-12-22T02:06:45.316Z"},{"id":"d95cbad5-7ee6-4f86-82a7-cfb51ec4cea0-attempt-1766369204241","examId":"d95cbad5-7ee6-4f86-82a7-cfb51ec4cea0","userId":null,"tenantId":null,"answers":{},"startedAt":1766369204241,"completedAt":null,"durationSeconds":null,"totalQuestions":25,"status":"in_progress","createdAt":"2025-12-22T02:06:45.547Z"},{"id":"d95cbad5-7ee6-4f86-82a7-cfb51ec4cea0-attempt-1766369204098","examId":"d95cbad5-7ee6-4f86-82a7-cfb51ec4cea0","userId":null,"tenantId":null,"answers":{},"startedAt":1766369204098,"completedAt":null,"durationSeconds":null,"totalQuestions":25,"status":"in_progress","createdAt":"2025-12-22T02:06:46.039Z"},{"id":"d95cbad5-7ee6-4f86-82a7-cfb51ec4cea0-attempt-1766369204857","examId":"d95cbad5-7ee6-4f86-82a7-cfb51ec4cea0","userId":null,"tenantId":null,"answers":{},"startedAt":1766369204857,"completedAt":null,"durationSeconds":null,"totalQuestions":25,"status":"in_progress","createdAt":"2025-12-22T02:06:46.579Z"},{"id":"d95cbad5-7ee6-4f86-82a7-cfb51ec4cea0-attempt-1766369773633","examId":"d95cbad5-7ee6-4f86-82a7-cfb51ec4cea0","userId":null,"tenantId":null,"answers":{},"startedAt":1766369773633,"completedAt":null,"durationSeconds":null,"totalQuestions":25,"status":"in_progress","createdAt":"2025-12-22T02:16:15.826Z"},{"id":"d95cbad5-7ee6-4f86-82a7-cfb51ec4cea0-attempt-1766369902245","examId":"d95cbad5-7ee6-4f86-82a7-cfb51ec4cea0","userId":null,"tenantId":null,"answers":{},"startedAt":1766369902245,"completedAt":null,"durationSeconds":null,"totalQuestions":25,"status":"in_progress","createdAt":"2025-12-22T02:18:25.933Z"},{"id":"d95cbad5-7ee6-4f86-82a7-cfb51ec4cea0-attempt-1766401514063","examId":"d95cbad5-7ee6-4f86-82a7-cfb51ec4cea0","userId":null,"tenantId":null,"answers":{},"startedAt":1766401514063,"completedAt":null,"durationSeconds":null,"totalQuestions":25,"status":"in_progress","createdAt":"2025-12-22T11:05:17.653Z"},{"id":"test-attempt-1","examId":"test-exam-1","userId":"test-student-123","tenantId":null,"answers":{"q1":"A"},"startedAt":null,"completedAt":null,"durationSeconds":null,"totalQuestions":5,"status":"completed","createdAt":"2026-01-01T15:17:39.727Z"},{"id":"test-attempt-2","examId":"practice-test-1","userId":"test-student-123","tenantId":null,"answers":{"q1":"A","q2":"B","q3":"C","q4":"D","q5":"A"},"startedAt":1640995200000,"completedAt":1640995260000,"durationSeconds":null,"totalQuestions":5,"status":"completed","createdAt":"2026-01-01T15:20:02.641Z"}]
4:51:27 PM [express] GET /api/auth/me 304 in 475ms :: {"id":"ed559dbe-e95b-4077-abe2-68149d3ff40c","username":"bigmachineent","email":"bigmachineent@gmail.com","phone":null,"role":"student","emailConfirmed":true,"subscriptionStatus":"premium","subscriptionPlan":"premium","subscriptionExpiresAt":null,"preferredExamBody":"WAEC","canAccessExams":true,"canDownloadOffline":true,"canAccessTutorMode":false,"createdAt":"2025-12-19T13:05:57.410Z"}
Advertisements table does not exist yet. Returning empty ads list.
4:51:27 PM [express] GET /api/ads/active 304 in 236ms :: []
[ADMIN EMAILS] Checking bigmachineent@gmail.com: NOT ADMIN
4:51:28 PM [express] GET /api/auth/me 304 in 479ms :: {"id":"ed559dbe-e95b-4077-abe2-68149d3ff40c","username":"bigmachineent","email":"bigmachineent@gmail.com","phone":null,"role":"student","emailConfirmed":true,"subscriptionStatus":"premium","subscriptionPlan":"premium","subscriptionExpiresAt":null,"preferredExamBody":"WAEC","canAccessExams":true,"canDownloadOffline":true,"canAccessTutorMode":false,"createdAt":"2025-12-19T13:05:57.410Z"}
4:51:28 PM [express] GET /api/auth/usage 200 in 965ms :: {"daily":{"count":0,"limit":null,"remaining":null},"monthly":{"count":0,"limit":null,"remaining":null},"plan":"premium"}
Error fetching all exams: error: column "track_id" does not exist
    at /Users/frankitchy/Documents/SCRUBA SERVICES/CODING/CBT-BIG MACHINE/PrepMaster-by-BIG-MACHINE-ENT/node_modules/pg-pool/index.js:45:11
    at process.processTicksAndRejections (node:internal/process/task_queues:105:5)
    at async <anonymous> (/Users/frankitchy/Documents/SCRUBA SERVICES/CODING/CBT-BIG MACHINE/PrepMaster-by-BIG-MACHINE-ENT/node_modules/src/node-postgres/session.ts:104:19)
    at async <anonymous> (/Users/frankitchy/Documents/SCRUBA SERVICES/CODING/CBT-BIG MACHINE/PrepMaster-by-BIG-MACHINE-ENT/server/routes/exams.ts:634:25) {
  length: 108,
  severity: 'ERROR',
  code: '42703',
  detail: undefined,
  hint: undefined,
  position: '39',
  internalPosition: undefined,
  internalQuery: undefined,
  where: undefined,
  schema: undefined,
  table: undefined,
  column: undefined,
  dataType: undefined,
  constraint: undefined,
  file: 'parse_relation.c',
  line: '3716',
  routine: 'errorMissingColumn'
}
4:51:28 PM [express] GET /api/exams/all 500 in 239ms :: {"message":"Failed to fetch exams","error":"error: column \"track_id\" does not exist"}
Advertisements table does not exist yet. Returning empty ads list.
4:51:28 PM [express] GET /api/ads/active 304 in 246ms :: []
4:51:28 PM [express] GET /api/exam-bodies 304 in 1672ms :: [{"id":"cd9205cb-41d1-4c3c-825f-f36885c470f1","name":"WAEC","createdAt":"2025-12-30T17:01:14.486Z"},{"id":"0ac32997-6d18-45c9-af93-0c2ccc658be4","name":"JAMB","createdAt":"2025-12-30T20:50:44.805Z"},{"id":"acadcba2-848d-4a66-a34e-edec739f6067","name":"NECO","createdAt":"2025-12-30T22:57:00.419Z"}]
Advertisements table does not exist yet. Returning empty ads list.
4:51:29 PM [express] GET /api/ads/active 304 in 1678ms :: []
4:51:29 PM [express] GET /api/stats 200 in 2130ms :: {"currentStreak":0,"longestStreak":0,"accuracy":0,"achievements":[],"totalQuestions":0,"lastPracticeDate":null}
Advertisements table does not exist yet. Returning empty ads list.
4:51:31 PM [express] GET /api/ads/active 304 in 2146ms :: []
Advertisements table does not exist yet. Returning empty ads list.
4:51:33 PM [express] GET /api/ads/active 304 in 2047ms :: []
Advertisements table does not exist yet. Returning empty ads list.
4:51:35 PM [express] GET /api/ads/active 304 in 1843ms :: []
Advertisements table does not exist yet. Returning empty ads list.
4:51:36 PM [express] GET /api/ads/active 304 in 1558ms :: []
Advertisements table does not exist yet. Returning empty ads list.
4:51:38 PM [express] GET /api/ads/active 304 in 1817ms :: []
Advertisements table does not exist yet. Returning empty ads list.
4:51:41 PM [express] GET /api/ads/active 304 in 2251ms :: []
Advertisements table does not exist yet. Returning empty ads list.
4:51:43 PM [express] GET /api/ads/active 304 in 1964ms :: []
Advertisements table does not exist yet. Returning empty ads list.
4:51:44 PM [express] GET /api/ads/active 304 in 1531ms :: []
4:52:30 PM [express] GET /api/auth/usage 304 in 3257ms :: {"daily":{"count":0,"limit":null,"remaining":null},"monthly":{"count":0,"limit":null,"remaining":null},"plan":"premium"}
Advertisements table does not exist yet. Returning empty ads list.
4:52:31 PM [express] GET /api/ads/active 304 in 4174ms :: []
Advertisements table does not exist yet. Returning empty ads list.
4:52:31 PM [express] GET /api/ads/active 304 in 308ms :: []
